Mypractice/app/build/intermediates/manifest_merge_blame_file/debug/manifest-merger-blame-debug-report.txt
1<?xml version="1.0" encoding="utf-8"?>
2<manifest xmlns:android="http://schemas.android.com/apk/res/android"
3    package="com.example.practice"
4    android:versionCode="1"
5    android:versionName="1.0" >
6
7    <uses-sdk
8        android:minSdkVersion="16"
8-->src\main\AndroidManifest.xml
9        android:targetSdkVersion="29" />
9-->src\main\AndroidManifest.xml
10
11    <uses-permission android:name="android.permission.INTERNET" />
11-->src\main\AndroidManifest.xml:5:5-67
11-->src\main\AndroidManifest.xml:5:22-64
12    <uses-permission android:name="android.permission.ACCESS_NETWORK_STATE" />
12-->src\main\AndroidManifest.xml:6:5-79
12-->src\main\AndroidManifest.xml:6:22-76
13    <uses-permission android:name="android.permission.ACCESS_FINE_LOCATION" />
13-->src\main\AndroidManifest.xml:7:5-78
13-->src\main\AndroidManifest.xml:7:22-76
14
15    <uses-feature
15-->[com.google.android.gms:play-services-maps:17.0.0] AndroidManifest.xml:26:5-28:35
16        android:glEsVersion="0x00020000"
16-->[com.google.android.gms:play-services-maps:17.0.0] AndroidManifest.xml:27:9-41
17        android:required="true" />
17-->[com.google.android.gms:play-services-maps:17.0.0] AndroidManifest.xml:28:9-32
18
19    <application
19-->src\main\AndroidManifest.xml:9:5-38:19
20        android:allowBackup="true"
20-->src\main\AndroidManifest.xml:11:9-35
21        android:appComponentFactory="androidx.core.app.CoreComponentFactory"
21-->[androidx.core:core:1.1.0] AndroidManifest.xml:24:18-86
22        android:debuggable="true"
23        android:icon="@mipmap/ic_smallt"
23-->src\main\AndroidManifest.xml:12:9-41
24        android:label="TheFaCo"
24-->src\main\AndroidManifest.xml:13:9-32
25        android:roundIcon="@mipmap/ic_smallt_round"
25-->src\main\AndroidManifest.xml:14:9-52
26        android:supportsRtl="true"
26-->src\main\AndroidManifest.xml:15:9-35
27        android:testOnly="true"
28        android:theme="@style/AppTheme"
28-->src\main\AndroidManifest.xml:16:9-40
29        android:usesCleartextTraffic="true" >
29-->src\main\AndroidManifest.xml:10:9-44
30        <meta-data
30-->src\main\AndroidManifest.xml:18:9-20:71
31            android:name="com.google.android.geo.API_KEY"
31-->src\main\AndroidManifest.xml:19:13-58
32            android:value="AIzaSyDboufDm5Kqn7ORKEYas_JVfmKTVm0d7ko" />
32-->src\main\AndroidManifest.xml:20:13-68
33
34        <activity android:name="com.example.practice.PathSetting" />
34-->src\main\AndroidManifest.xml:22:9-49
34-->src\main\AndroidManifest.xml:22:19-46
35        <activity android:name="com.example.practice.app_Description" />
35-->src\main\AndroidManifest.xml:23:9-53
35-->src\main\AndroidManifest.xml:23:19-50
36        <activity android:name="com.example.practice.subActivity" />
36-->src\main\AndroidManifest.xml:24:9-49
36-->src\main\AndroidManifest.xml:24:19-46
37        <activity android:name="com.example.practice.showActivity" />
37-->src\main\AndroidManifest.xml:25:9-50
37-->src\main\AndroidManifest.xml:25:19-47
38        <activity android:name="com.example.practice.MainActivity" />
38-->src\main\AndroidManifest.xml:27:9-50
38-->src\main\AndroidManifest.xml:27:19-47
39        <activity
39-->src\main\AndroidManifest.xml:29:9-35:20
40            android:name="com.example.practice.SplashActivity"
40-->src\main\AndroidManifest.xml:29:19-49
41            android:screenOrientation="portrait" >
41-->src\main\AndroidManifest.xml:30:13-49
42            <intent-filter>
42-->src\main\AndroidManifest.xml:31:13-34:29
43                <action android:name="android.intent.action.MAIN" />
43-->src\main\AndroidManifest.xml:32:17-69
43-->src\main\AndroidManifest.xml:32:25-66
44
45                <category android:name="android.intent.category.LAUNCHER" />
45-->src\main\AndroidManifest.xml:33:17-77
45-->src\main\AndroidManifest.xml:33:27-74
46            </intent-filter>
47        </activity>
48        <activity
48-->[com.karumi:dexter:6.1.0] AndroidManifest.xml:27:9-29:72
49            android:name="com.karumi.dexter.DexterActivity"
49-->[com.karumi:dexter:6.1.0] AndroidManifest.xml:28:13-60
50            android:theme="@style/Dexter.Internal.Theme.Transparent" /> <!-- Needs to be explicitly declared on P+ -->
50-->[com.karumi:dexter:6.1.0] AndroidManifest.xml:29:13-69
51        <uses-library
51-->[com.google.android.gms:play-services-maps:17.0.0] AndroidManifest.xml:33:9-35:40
52            android:name="org.apache.http.legacy"
52-->[com.google.android.gms:play-services-maps:17.0.0] AndroidManifest.xml:34:13-50
53            android:required="false" />
53-->[com.google.android.gms:play-services-maps:17.0.0] AndroidManifest.xml:35:13-37
54
55        <activity
55-->[com.google.android.gms:play-services-base:17.0.0] AndroidManifest.xml:23:9-26:75
56            android:name="com.google.android.gms.common.api.GoogleApiActivity"
56-->[com.google.android.gms:play-services-base:17.0.0] AndroidManifest.xml:24:13-79
57            android:exported="false"
57-->[com.google.android.gms:play-services-base:17.0.0] AndroidManifest.xml:25:13-37
58            android:theme="@android:style/Theme.Translucent.NoTitleBar" />
58-->[com.google.android.gms:play-services-base:17.0.0] AndroidManifest.xml:26:13-72
59
60        <meta-data
60-->[com.google.android.gms:play-services-basement:17.0.0] AndroidManifest.xml:23:9-25:69
61            android:name="com.google.android.gms.version"
61-->[com.google.android.gms:play-services-basement:17.0.0] AndroidManifest.xml:24:13-58
62            android:value="@integer/google_play_services_version" />
62-->[com.google.android.gms:play-services-basement:17.0.0] AndroidManifest.xml:25:13-66
63    </application>
64
65</manifest>